Start testing: Feb 18 16:37 India Standard Time
----------------------------------------------------------
1/1 Testing: HelloTest.BasicAssertions
1/1 Test: HelloTest.BasicAssertions
Command: "C:/Users/jaymr/MegaSync/DATABASE/XJay Docs/IIIT_Bangalore/MTech/Term2/SPE/MiniProject/gtest/build/Debug/hello_test.exe" "--gtest_filter=HelloTest.BasicAssertions" "--gtest_also_run_disabled_tests"
Directory: C:/Users/jaymr/MegaSync/DATABASE/XJay Docs/IIIT_Bangalore/MTech/Term2/SPE/MiniProject/gtest/build
"HelloTest.BasicAssertions" start time: Feb 18 16:37 India Standard Time
Output:
----------------------------------------------------------
Running main() from C:\Users\jaymr\MegaSync\DATABASE\XJay Docs\IIIT_Bangalore\MTech\Term2\SPE\MiniProject\gtest\build\_deps\googletest-src\googletest\src\gtest_main.cc
Note: Google Test filter = HelloTest.BasicAssertions
[==========] Running 1 test from 1 test suite.
[----------] Global test environment set-up.
[----------] 1 test from HelloTest
[ RUN      ] HelloTest.BasicAssertions
[       OK ] HelloTest.BasicAssertions (0 ms)
[----------] 1 test from HelloTest (0 ms total)

[----------] Global test environment tear-down
[==========] 1 test from 1 test suite ran. (10 ms total)
[  PASSED  ] 1 test.
<end of output>
Test time =   0.03 sec
----------------------------------------------------------
Test Passed.
"HelloTest.BasicAssertions" end time: Feb 18 16:37 India Standard Time
"HelloTest.BasicAssertions" time elapsed: 00:00:00
----------------------------------------------------------

End testing: Feb 18 16:37 India Standard Time
